Using pre-set license
Built from '2020.2/staging' branch; Version is '2020.2.7f1 (c53830e277f1) revision 12924976'; Using compiler version '192528614'; Build Type 'Release'
OS: 'Windows 10 Pro; OS build 19042.1466; Version 2009; 64bit' Language: 'pt' Physical Memory: 16303 MB
BatchMode: 1, IsHumanControllingUs: 0, StartBugReporterOnCrash: 0, Is64bit: 1, IsPro: 0

 COMMAND LINE ARGUMENTS:
C:\Program Files\Unity\Editor\Unity.exe
-adb2
-batchMode
-noUpm
-name
AssetImportWorker0
-projectPath
D:/unity www/UI
-logFile
Logs/AssetImportWorker0.log
-srvPort
57793
Successfully changed project path to: D:/unity www/UI
D:/unity www/UI
Using Asset Import Pipeline V2.
Refreshing native plugins compatible for Editor in 30.90 ms, found 0 plugins.
Preloading 0 native plugins for Editor in 0.00 ms.
Initialize engine version: 2020.2.7f1 (c53830e277f1)
[Subsystems] Discovering subsystems at path C:/Program Files/Unity/Editor/Data/Resources/UnitySubsystems
[Subsystems] Discovering subsystems at path D:/unity www/UI/Assets
GfxDevice: creating device client; threaded=0
Direct3D:
    Version:  Direct3D 11.0 [level 11.1]
    Renderer: NVIDIA GeForce GTX 1080 (ID=0x1b80)
    Vendor:   
    VRAM:     8079 MB
    Driver:   30.0.14.9613
Initialize mono
Mono path[0] = 'C:/Program Files/Unity/Editor/Data/Managed'
Mono path[1] = 'C:/Program Files/Unity/Editor/Data/MonoBleedingEdge/lib/mono/unityjit'
Mono config path = 'C:/Program Files/Unity/Editor/Data/MonoBleedingEdge/etc'
Using monoOptions --debugger-agent=transport=dt_socket,embedding=1,server=y,suspend=n,address=127.0.0.1:56784
Begin MonoManager ReloadAssembly
Registering precompiled unity dll's ...
Register platform support module: C:/Program Files/Unity/Editor/Data/PlaybackEngines/WindowsStandaloneSupport/UnityEditor.WindowsStandalone.Extensions.dll
Registered in 0.001872 seconds.
Native extension for WindowsStandalone target not found
Refreshing native plugins compatible for Editor in 21.32 ms, found 0 plugins.
Preloading 0 native plugins for Editor in 0.00 ms.
Invoked RoslynAnalysisRunner static constructor.
RoslynAnalysisRunner will not be running.
RoslynAnalysisRunner has terminated.
Mono: successfully reloaded assembly
- Completed reload, in  1.047 seconds
Platform modules already initialized, skipping
Registering precompiled user dll's ...
Registered in 0.000462 seconds.
Begin MonoManager ReloadAssembly
Native extension for WindowsStandalone target not found
Refreshing native plugins compatible for Editor in 0.24 ms, found 0 plugins.
Preloading 0 native plugins for Editor in 0.00 ms.
Invoked RoslynAnalysisRunner static constructor.
RoslynAnalysisRunner will not be running.
RoslynAnalysisRunner has terminated.
Mono: successfully reloaded assembly
- Completed reload, in  0.872 seconds
Platform modules already initialized, skipping
========================================================================
Worker process is ready to serve import requests
Launched and connected shader compiler UnityShaderCompiler.exe after 0.05 seconds
Refreshing native plugins compatible for Editor in 0.17 ms, found 0 plugins.
Preloading 0 native plugins for Editor in 0.00 ms.
Unloading 1113 Unused Serialized files (Serialized files now loaded: 0)
System memory in use before: 56.9 MB.
System memory in use after: 56.9 MB.

Unloading 10 unused Assets to reduce memory usage. Loaded Objects now: 1556.
Total: 9.255700 ms (FindLiveObjects: 0.139900 ms CreateObjectMapping: 0.040800 ms MarkObjects: 8.449700 ms  DeleteObjects: 0.623600 ms)

========================================================================
Received Import Request.
  path: Assets/Scenes
  artifactKey: Guid(92a90eb047209134f9489be62b5f52e0) Importer(815301076,1909f56bfc062723c751e8b465ee728b)
Start importing Assets/Scenes using Guid(92a90eb047209134f9489be62b5f52e0) Importer(815301076,1909f56bfc062723c751e8b465ee728b)  -> (artifact id: '79a0489438333c3c874670a4a0416990') in 0.007308 seconds
  Import took 0.075755 seconds .

========================================================================
Received Import Request.
  Time since last request: 20.907498 seconds.
  path: Assets
  artifactKey: Guid(00000000000000001000000000000000) Importer(815301076,1909f56bfc062723c751e8b465ee728b)
Start importing Assets using Guid(00000000000000001000000000000000) Importer(815301076,1909f56bfc062723c751e8b465ee728b)  -> (artifact id: 'f89434ac489deb914593f829e0a47671') in 0.006218 seconds
  Import took 0.031470 seconds .

========================================================================
Received Import Request.
  Time since last request: 9.939712 seconds.
  path: Assets/mainUI.cs
  artifactKey: Guid(ca9672ff863a14f4a93db60a8ad55d87) Importer(815301076,1909f56bfc062723c751e8b465ee728b)
Start importing Assets/mainUI.cs using Guid(ca9672ff863a14f4a93db60a8ad55d87) Importer(815301076,1909f56bfc062723c751e8b465ee728b)  -> (artifact id: '31da52b30c43f226ccf350ca9b3572d2') in 0.050724 seconds
  Import took 0.138742 seconds .

========================================================================
Received Prepare
Registering precompiled user dll's ...
Registered in 0.000454 seconds.
Begin MonoManager ReloadAssembly
Native extension for WindowsStandalone target not found
Refreshing native plugins compatible for Editor in 0.18 ms, found 0 plugins.
Preloading 0 native plugins for Editor in 0.00 ms.
Invoked RoslynAnalysisRunner static constructor.
RoslynAnalysisRunner will not be running.
RoslynAnalysisRunner has terminated.
Mono: successfully reloaded assembly
- Completed reload, in  0.736 seconds
Platform modules already initialized, skipping
Refreshing native plugins compatible for Editor in 0.26 ms, found 0 plugins.
Preloading 0 native plugins for Editor in 0.00 ms.
Unloading 1109 Unused Serialized files (Serialized files now loaded: 0)
System memory in use before: 56.9 MB.
System memory in use after: 57.0 MB.

Unloading 5 unused Assets to reduce memory usage. Loaded Objects now: 1560.
Total: 1.922800 ms (FindLiveObjects: 0.129600 ms CreateObjectMapping: 0.037700 ms MarkObjects: 1.698100 ms  DeleteObjects: 0.055500 ms)

========================================================================
Received Prepare
Registering precompiled user dll's ...
Registered in 0.000471 seconds.
Begin MonoManager ReloadAssembly
Native extension for WindowsStandalone target not found
Refreshing native plugins compatible for Editor in 0.17 ms, found 0 plugins.
Preloading 0 native plugins for Editor in 0.00 ms.
Invoked RoslynAnalysisRunner static constructor.
RoslynAnalysisRunner will not be running.
RoslynAnalysisRunner has terminated.
Mono: successfully reloaded assembly
- Completed reload, in  0.699 seconds
Platform modules already initialized, skipping
Refreshing native plugins compatible for Editor in 0.16 ms, found 0 plugins.
Preloading 0 native plugins for Editor in 0.00 ms.
Unloading 1109 Unused Serialized files (Serialized files now loaded: 0)
System memory in use before: 56.9 MB.
System memory in use after: 57.0 MB.

Unloading 5 unused Assets to reduce memory usage. Loaded Objects now: 1563.
Total: 1.485200 ms (FindLiveObjects: 0.104500 ms CreateObjectMapping: 0.030400 ms MarkObjects: 1.298900 ms  DeleteObjects: 0.050300 ms)

========================================================================
Received Import Request.
  Time since last request: 47.728745 seconds.
  path: Assets/mainUI.cs
  artifactKey: Guid(ca9672ff863a14f4a93db60a8ad55d87) Importer(815301076,1909f56bfc062723c751e8b465ee728b)
Start importing Assets/mainUI.cs using Guid(ca9672ff863a14f4a93db60a8ad55d87) Importer(815301076,1909f56bfc062723c751e8b465ee728b)  -> (artifact id: '22623c5f840e4548afbfb49918c3fdf3') in 0.003403 seconds
  Import took 0.031572 seconds .

========================================================================
Received Prepare
Registering precompiled user dll's ...
Registered in 0.000464 seconds.
Begin MonoManager ReloadAssembly
Native extension for WindowsStandalone target not found
Refreshing native plugins compatible for Editor in 0.18 ms, found 0 plugins.
Preloading 0 native plugins for Editor in 0.00 ms.
Invoked RoslynAnalysisRunner static constructor.
RoslynAnalysisRunner will not be running.
RoslynAnalysisRunner has terminated.
Mono: successfully reloaded assembly
- Completed reload, in  0.717 seconds
Platform modules already initialized, skipping
Refreshing native plugins compatible for Editor in 0.17 ms, found 0 plugins.
Preloading 0 native plugins for Editor in 0.00 ms.
Unloading 1109 Unused Serialized files (Serialized files now loaded: 0)
System memory in use before: 57.0 MB.
System memory in use after: 57.0 MB.

Unloading 5 unused Assets to reduce memory usage. Loaded Objects now: 1566.
Total: 1.388500 ms (FindLiveObjects: 0.111500 ms CreateObjectMapping: 0.032900 ms MarkObjects: 1.200200 ms  DeleteObjects: 0.043000 ms)

========================================================================
Received Import Request.
  Time since last request: 157.336956 seconds.
  path: Assets/circle.png
  artifactKey: Guid(2fb250acde6a0554a8ad1e4dd41674ed) Importer(815301076,1909f56bfc062723c751e8b465ee728b)
Start importing Assets/circle.png using Guid(2fb250acde6a0554a8ad1e4dd41674ed) Importer(815301076,1909f56bfc062723c751e8b465ee728b)  -> (artifact id: 'bdcfd89cd0ab431d60be0426cab7244b') in 0.065725 seconds
  Import took 0.074047 seconds .

========================================================================
Received Import Request.
  Time since last request: 26.117040 seconds.
  path: Assets/circle.png
  artifactKey: Guid(2fb250acde6a0554a8ad1e4dd41674ed) Importer(815301076,1909f56bfc062723c751e8b465ee728b)
Start importing Assets/circle.png using Guid(2fb250acde6a0554a8ad1e4dd41674ed) Importer(815301076,1909f56bfc062723c751e8b465ee728b)  -> (artifact id: '8fc61da6257083bf8d9377cf7c52947d') in 0.047573 seconds
  Import took 0.066004 seconds .

========================================================================
Received Prepare
Registering precompiled user dll's ...
Registered in 0.000477 seconds.
Begin MonoManager ReloadAssembly
Native extension for WindowsStandalone target not found
Refreshing native plugins compatible for Editor in 0.17 ms, found 0 plugins.
Preloading 0 native plugins for Editor in 0.00 ms.
Invoked RoslynAnalysisRunner static constructor.
RoslynAnalysisRunner will not be running.
RoslynAnalysisRunner has terminated.
Mono: successfully reloaded assembly
- Completed reload, in  0.698 seconds
Platform modules already initialized, skipping
Refreshing native plugins compatible for Editor in 0.16 ms, found 0 plugins.
Preloading 0 native plugins for Editor in 0.00 ms.
Unloading 1109 Unused Serialized files (Serialized files now loaded: 0)
System memory in use before: 60.0 MB.
System memory in use after: 60.1 MB.

Unloading 5 unused Assets to reduce memory usage. Loaded Objects now: 1575.
Total: 1.570900 ms (FindLiveObjects: 0.103900 ms CreateObjectMapping: 0.030100 ms MarkObjects: 1.390900 ms  DeleteObjects: 0.045100 ms)

========================================================================
Received Import Request.
  Time since last request: 77.676178 seconds.
  path: Assets/mainUI.cs
  artifactKey: Guid(ca9672ff863a14f4a93db60a8ad55d87) Importer(815301076,1909f56bfc062723c751e8b465ee728b)
Start importing Assets/mainUI.cs using Guid(ca9672ff863a14f4a93db60a8ad55d87) Importer(815301076,1909f56bfc062723c751e8b465ee728b)  -> (artifact id: 'dba7fd082744859b11ccd53a2d9a3219') in 0.003118 seconds
  Import took 0.030489 seconds .

========================================================================
Received Prepare
Registering precompiled user dll's ...
Registered in 0.000472 seconds.
Begin MonoManager ReloadAssembly
Native extension for WindowsStandalone target not found
Refreshing native plugins compatible for Editor in 0.17 ms, found 0 plugins.
Preloading 0 native plugins for Editor in 0.00 ms.
Invoked RoslynAnalysisRunner static constructor.
RoslynAnalysisRunner will not be running.
RoslynAnalysisRunner has terminated.
Mono: successfully reloaded assembly
- Completed reload, in  0.709 seconds
Platform modules already initialized, skipping
Refreshing native plugins compatible for Editor in 0.17 ms, found 0 plugins.
Preloading 0 native plugins for Editor in 0.00 ms.
Unloading 1109 Unused Serialized files (Serialized files now loaded: 0)
System memory in use before: 60.1 MB.
System memory in use after: 60.1 MB.

Unloading 5 unused Assets to reduce memory usage. Loaded Objects now: 1578.
Total: 1.828500 ms (FindLiveObjects: 0.120100 ms CreateObjectMapping: 0.034600 ms MarkObjects: 1.603500 ms  DeleteObjects: 0.068800 ms)

========================================================================
Received Import Request.
  Time since last request: 16.734659 seconds.
  path: Assets/mainUI.cs
  artifactKey: Guid(ca9672ff863a14f4a93db60a8ad55d87) Importer(815301076,1909f56bfc062723c751e8b465ee728b)
Start importing Assets/mainUI.cs using Guid(ca9672ff863a14f4a93db60a8ad55d87) Importer(815301076,1909f56bfc062723c751e8b465ee728b)  -> (artifact id: '0c5a52cdedd413e63813aa0fafb0f3e0') in 0.003404 seconds
  Import took 0.014473 seconds .

========================================================================
Received Prepare
Registering precompiled user dll's ...
Registered in 0.000470 seconds.
Begin MonoManager ReloadAssembly
Native extension for WindowsStandalone target not found
Refreshing native plugins compatible for Editor in 0.17 ms, found 0 plugins.
Preloading 0 native plugins for Editor in 0.00 ms.
Invoked RoslynAnalysisRunner static constructor.
RoslynAnalysisRunner will not be running.
RoslynAnalysisRunner has terminated.
Mono: successfully reloaded assembly
- Completed reload, in  0.698 seconds
Platform modules already initialized, skipping
Refreshing native plugins compatible for Editor in 0.17 ms, found 0 plugins.
Preloading 0 native plugins for Editor in 0.00 ms.
Unloading 1109 Unused Serialized files (Serialized files now loaded: 0)
System memory in use before: 60.1 MB.
System memory in use after: 60.1 MB.

Unloading 5 unused Assets to reduce memory usage. Loaded Objects now: 1581.
Total: 1.472900 ms (FindLiveObjects: 0.107200 ms CreateObjectMapping: 0.030500 ms MarkObjects: 1.290300 ms  DeleteObjects: 0.044100 ms)

========================================================================
Received Import Request.
  Time since last request: 10.017494 seconds.
  path: Assets/mainUI.cs
  artifactKey: Guid(ca9672ff863a14f4a93db60a8ad55d87) Importer(815301076,1909f56bfc062723c751e8b465ee728b)
Start importing Assets/mainUI.cs using Guid(ca9672ff863a14f4a93db60a8ad55d87) Importer(815301076,1909f56bfc062723c751e8b465ee728b)  -> (artifact id: 'a559e1799716a799da1cbe9ad99298db') in 0.003394 seconds
  Import took 0.015595 seconds .

========================================================================
Received Prepare
Registering precompiled user dll's ...
Registered in 0.000465 seconds.
Begin MonoManager ReloadAssembly
Native extension for WindowsStandalone target not found
Refreshing native plugins compatible for Editor in 0.18 ms, found 0 plugins.
Preloading 0 native plugins for Editor in 0.00 ms.
Invoked RoslynAnalysisRunner static constructor.
RoslynAnalysisRunner will not be running.
RoslynAnalysisRunner has terminated.
Mono: successfully reloaded assembly
- Completed reload, in  0.706 seconds
Platform modules already initialized, skipping
Refreshing native plugins compatible for Editor in 0.16 ms, found 0 plugins.
Preloading 0 native plugins for Editor in 0.00 ms.
Unloading 1109 Unused Serialized files (Serialized files now loaded: 0)
System memory in use before: 60.1 MB.
System memory in use after: 60.1 MB.

Unloading 5 unused Assets to reduce memory usage. Loaded Objects now: 1584.
Total: 1.683600 ms (FindLiveObjects: 0.119800 ms CreateObjectMapping: 0.034900 ms MarkObjects: 1.482100 ms  DeleteObjects: 0.045900 ms)

========================================================================
Received Prepare
Registering precompiled user dll's ...
Registered in 0.000625 seconds.
Begin MonoManager ReloadAssembly
Native extension for WindowsStandalone target not found
Refreshing native plugins compatible for Editor in 0.17 ms, found 0 plugins.
Preloading 0 native plugins for Editor in 0.00 ms.
Invoked RoslynAnalysisRunner static constructor.
RoslynAnalysisRunner will not be running.
RoslynAnalysisRunner has terminated.
Mono: successfully reloaded assembly
- Completed reload, in  0.704 seconds
Platform modules already initialized, skipping
Refreshing native plugins compatible for Editor in 0.18 ms, found 0 plugins.
Preloading 0 native plugins for Editor in 0.00 ms.
Unloading 1109 Unused Serialized files (Serialized files now loaded: 0)
System memory in use before: 60.1 MB.
System memory in use after: 60.1 MB.

Unloading 5 unused Assets to reduce memory usage. Loaded Objects now: 1587.
Total: 1.502900 ms (FindLiveObjects: 0.110700 ms CreateObjectMapping: 0.031400 ms MarkObjects: 1.311500 ms  DeleteObjects: 0.048500 ms)

========================================================================
Received Prepare
Registering precompiled user dll's ...
Registered in 0.000453 seconds.
Begin MonoManager ReloadAssembly
Native extension for WindowsStandalone target not found
Refreshing native plugins compatible for Editor in 0.17 ms, found 0 plugins.
Preloading 0 native plugins for Editor in 0.00 ms.
Invoked RoslynAnalysisRunner static constructor.
RoslynAnalysisRunner will not be running.
RoslynAnalysisRunner has terminated.
Mono: successfully reloaded assembly
- Completed reload, in  0.693 seconds
Platform modules already initialized, skipping
Refreshing native plugins compatible for Editor in 0.17 ms, found 0 plugins.
Preloading 0 native plugins for Editor in 0.00 ms.
Unloading 1109 Unused Serialized files (Serialized files now loaded: 0)
System memory in use before: 60.1 MB.
System memory in use after: 60.1 MB.

Unloading 5 unused Assets to reduce memory usage. Loaded Objects now: 1590.
Total: 1.460300 ms (FindLiveObjects: 0.117300 ms CreateObjectMapping: 0.034100 ms MarkObjects: 1.264500 ms  DeleteObjects: 0.043400 ms)

========================================================================
Received Prepare
Registering precompiled user dll's ...
Registered in 0.000470 seconds.
Begin MonoManager ReloadAssembly
Native extension for WindowsStandalone target not found
Refreshing native plugins compatible for Editor in 0.18 ms, found 0 plugins.
Preloading 0 native plugins for Editor in 0.00 ms.
Invoked RoslynAnalysisRunner static constructor.
RoslynAnalysisRunner will not be running.
RoslynAnalysisRunner has terminated.
Mono: successfully reloaded assembly
- Completed reload, in  0.699 seconds
Platform modules already initialized, skipping
Refreshing native plugins compatible for Editor in 0.17 ms, found 0 plugins.
Preloading 0 native plugins for Editor in 0.00 ms.
Unloading 1109 Unused Serialized files (Serialized files now loaded: 0)
System memory in use before: 60.1 MB.
System memory in use after: 60.2 MB.

Unloading 5 unused Assets to reduce memory usage. Loaded Objects now: 1593.
Total: 1.560600 ms (FindLiveObjects: 0.205400 ms CreateObjectMapping: 0.030500 ms MarkObjects: 1.279700 ms  DeleteObjects: 0.044300 ms)

AssetImportWorkerClient::OnTransportError - code=2 error=End of file
